<?xml version="1.0" encoding="UTF-8"?>
<testsuites name="rspec total">
  <testsuite name="rspec" tests="4" skipped="0" failures="2" errors="0" time="0.015484" timestamp="2021-01-25T17:15:56+01:00" hostname="skipi-HP-EliteBook-8560p">

    <testcase classname="spec.calculator.adder_spec" name="Calculator::Adder sums arguments #1" file="./spec/calculator/adder_spec.rb" time="0.000456"></testcase>
  </testsuite>
  <testsuite name="rspec #2" tests="4" skipped="0" failures="2" errors="0" time="0.015484" timestamp="2021-01-25T17:15:56+01:00" hostname="skipi-HP-EliteBook-8560p">

    <testcase classname="spec.calculator.adder_spec" name="Calculator::Adder sums arguments #1" file="./spec/calculator/adder_spec.rb" time="0.000456"></testcase>
  </testsuite>
</testsuites>